Arguments: 
  /usr/local/Cellar/node/14.4.0/bin/node /usr/local/bin/yarn

PATH: 
  /usr/local/bin:/usr/bin:/bin:/usr/sbin:/sbin:/usr/local/opt/fzf/bin

Yarn version: 
  1.22.4

Node version: 
  14.4.0

Platform: 
  darwin x64

Trace: 
  SyntaxError: /Users/hun/Dooboolab/dooboolab.com/package.json: Unexpected token < in JSON at position 490
      at JSON.parse (<anonymous>)
      at /usr/local/lib/node_modules/yarn/lib/cli.js:1625:59
      at Generator.next (<anonymous>)
      at step (/usr/local/lib/node_modules/yarn/lib/cli.js:310:30)
      at /usr/local/lib/node_modules/yarn/lib/cli.js:321:13

npm manifest: 
  {
    "name": "dooboolab",
    "version": "1.0.0",
    "description": "Build react app with typescript.",
    "postinstall": "tsc",
    "scripts": {
      "dev": "webpack-dev-server",
      "start": "webpack-dev-server -d --hot --config webpack.config.js --watch",
      "tsc": "tsc",
      "test": "jest",
      "production": "NODE_ENV=production webpack -p --config webpack.config.prod.js",
      "lint": "eslint src --ext .ts,.tsx,.js,.jsx"
    },
    "author": "hyochan",
    "license": "MIT",
    "dependencies": {
  <<<<<<< HEAD
      "@fortawesome/fontawesome-svg-core": "^1.2.30",
      "@fortawesome/free-brands-svg-icons": "^5.14.0",
      "@fortawesome/free-solid-svg-icons": "^5.14.0",
      "@fortawesome/react-fontawesome": "^0.1.11",
  =======
  >>>>>>> 297efd6... temp1
      "@material-ui/core": "^4.11.0",
      "@svgr/webpack": "^5.4.0",
      "i18n-js": "^3.7.1",
      "prettier": "^2.0.5",
      "react": "^16.13.1",
      "react-addons-test-utils": "^15.6.2",
      "react-awesome-slider": "^4.1.0",
      "react-dom": "^16.13.1",
      "react-fontawesome": "^1.7.1",
      "react-router-dom": "^5.2.0",
  <<<<<<< HEAD
      "react-scroll": "^1.8.0",
  =======
      "react-scroll": "^1.7.16",
  >>>>>>> 297efd6... temp1
      "styled-components": "^5.1.1"
    },
    "devDependencies": {
      "@babel/cli": "7.10.5",
      "@babel/core": "^7.10.5",
      "@babel/plugin-proposal-class-properties": "^7.10.4",
      "@babel/plugin-proposal-export-namespace-from": "^7.10.4",
      "@babel/plugin-proposal-function-sent": "^7.10.4",
      "@babel/plugin-proposal-numeric-separator": "^7.10.4",
      "@babel/plugin-proposal-throw-expressions": "^7.10.4",
      "@babel/plugin-transform-runtime": "7.10.5",
      "@babel/preset-env": "7.10.4",
      "@babel/preset-flow": "^7.10.4",
      "@babel/preset-react": "7.10.4",
      "@babel/preset-typescript": "^7.10.4",
      "@babel/runtime": "7.10.5",
      "@dooboo/eslint-config": "^0.4.3",
      "@testing-library/react": "^10.4.7",
      "@types/jest": "^26.0.5",
      "@types/node": "^14.0.24",
      "@types/react": "^16.9.43",
      "@types/react-dom": "^16.9.8",
      "@types/react-router-dom": "^5.1.5",
      "@types/react-test-renderer": "^16.9.2",
      "@types/styled-components": "^5.1.1",
      "@types/webpack-env": "^1.15.2",
      "@typescript-eslint/eslint-plugin": "^3.7.0",
      "@typescript-eslint/parser": "^3.7.0",
      "abort-controller": "^3.0.0",
      "babel-core": "^7.0.0-bridge.0",
      "babel-jest": "^26.1.0",
      "babel-loader": "^8.1.0",
      "codecov": "^3.7.2",
      "css-loader": "^3.6.0",
      "eslint": "^7.5.0",
      "expect": "^26.1.0",
      "file-loader": "^6.0.0",
      "history": "^5.0.0",
      "identity-obj-proxy": "^3.0.0",
      "jest": "^26.1.0",
      "jest-fetch-mock": "^3.0.3",
      "react-hot-loader": "^4.12.21",
      "react-test-renderer": "^16.13.1",
      "script-loader": "^0.7.2",
      "style-loader": "^1.2.1",
  <<<<<<< HEAD
      "ts-jest": "^26.1.3",
      "ts-loader": "^8.0.1",
      "ttf-loader": "^1.0.2",
      "typescript": "3.9.7",
  =======
      "ts-jest": "^26.1.1",
      "ts-loader": "^7.0.5",
      "ttf-loader": "^1.0.2",
      "typescript": "3.9.5",
  >>>>>>> 297efd6... temp1
      "webpack": "^4.43.0",
      "webpack-cli": "^3.3.12",
      "webpack-dev-server": "^3.11.0"
    },
    "browserslist": [
      "> 1%",
      "last 2 versions"
    ],
    "resolutions": {
      "@types/react": "^16.0.40"
    }
  }

yarn manifest: 
  No manifest

Lockfile: 
  No lockfile
